{
  "stats": {
    "suites": 1,
    "tests": 4,
    "passes": 3,
    "pending": 0,
    "failures": 1,
    "start": "2024-04-22T18:54:41.258Z",
    "end": "2024-04-22T18:54:47.130Z",
    "duration": 5872,
    "testsRegistered": 4,
    "passPercent": 75,
    "pendingPercent": 0,
    "other": 0,
    "hasOther": false,
    "skipped": 0,
    "hasSkipped": false
  },
  "results": [
    {
      "uuid": "6980eed9-5a63-43ff-9af5-7a1935c7d2c6",
      "title": "",
      "fullFile": "cypress\\e2e\\favorite.cy.js",
      "file": "cypress\\e2e\\favorite.cy.js",
      "beforeHooks": [],
      "afterHooks": [],
      "tests": [],
      "suites": [
        {
          "uuid": "496fc46d-4a66-4124-b0ad-c96e3eaf85e2",
          "title": "Mėgstamiausių skelbimų funkcionalumas",
          "fullFile": "",
          "file": "",
          "beforeHooks": [],
          "afterHooks": [],
          "tests": [
            {
              "title": "Leidžia vartotojui pridėti skelbimą į mėgstamiausių sąrašą",
              "fullTitle": "Mėgstamiausių skelbimų funkcionalumas Leidžia vartotojui pridėti skelbimą į mėgstamiausių sąrašą",
              "timedOut": null,
              "duration": 1811,
              "state": "failed",
              "speed": null,
              "pass": false,
              "fail": true,
              "pending": false,
              "context": "{\n  \"title\": \"cypress-mochawesome-reporter-screenshots\",\n  \"value\": [\n    [\n      \"\\\\favorite.cy.js\\\\Mėgstamiausių skelbimų funkcionalumas -- Leidžia vartotojui pridėti skelbimą į mėgstamiausių sąrašą (failed).png\",\n      \"\\\\favorite.cy.js\\\\Leidžia vartotojui pridėti skelbimą į mėgstamiausių sąrašą -- after each hook.png\"\n    ]\n  ]\n}",
              "code": "// Now perform actions that require user to be logged in\ncy.visit('/'); // Go to the page with the products\ncy.get('.product__favorite').first().click(); // Click the favorite button on the first product\ncy.wait('@getFavorites'); // Wait for the favorites list to be fetched again\n// Assertion to check the favorite was added, adjust the selector as necessary\ncy.get('.product__favorite.active').should('exist');",
              "err": {
                "message": "TypeError: The following error originated from your application code, not from Cypress.\n\n  > Cannot read properties of null (reading 'includes')\n\nWhen Cypress detects uncaught errors originating from your application it will automatically fail the current test.\n\nThis behavior is configurable, and you can choose to turn this off by listening to the `uncaught:exception` event.\n\nhttps://on.cypress.io/uncaught-exception-from-application",
                "estack": "TypeError: The following error originated from your application code, not from Cypress.\n\n  > Cannot read properties of null (reading 'includes')\n\nWhen Cypress detects uncaught errors originating from your application it will automatically fail the current test.\n\nThis behavior is configurable, and you can choose to turn this off by listening to the `uncaught:exception` event.\n\nhttps://on.cypress.io/uncaught-exception-from-application\n    at ProductCard (https://localhost:5173/src/components/ProductCard.jsx:96:93)\n    at renderWithHooks (https://localhost:5173/node_modules/.vite/deps/chunk-GZ55BCQ2.js?v=79c5d413:12171:26)\n    at mountIndeterminateComponent (https://localhost:5173/node_modules/.vite/deps/chunk-GZ55BCQ2.js?v=79c5d413:14921:21)\n    at beginWork (https://localhost:5173/node_modules/.vite/deps/chunk-GZ55BCQ2.js?v=79c5d413:15902:22)\n    at HTMLUnknownElement.callCallback2 (https://localhost:5173/node_modules/.vite/deps/chunk-GZ55BCQ2.js?v=79c5d413:3674:22)\n    at Object.invokeGuardedCallbackDev (https://localhost:5173/node_modules/.vite/deps/chunk-GZ55BCQ2.js?v=79c5d413:3699:24)\n    at invokeGuardedCallback (https://localhost:5173/node_modules/.vite/deps/chunk-GZ55BCQ2.js?v=79c5d413:3733:39)\n    at beginWork$1 (https://localhost:5173/node_modules/.vite/deps/chunk-GZ55BCQ2.js?v=79c5d413:19761:15)\n    at performUnitOfWork (https://localhost:5173/node_modules/.vite/deps/chunk-GZ55BCQ2.js?v=79c5d413:19194:20)\n    at workLoopSync (https://localhost:5173/node_modules/.vite/deps/chunk-GZ55BCQ2.js?v=79c5d413:19133:13)",
                "diff": null
              },
              "uuid": "e867a549-bc63-446f-8811-7b738eead3da",
              "parentUUID": "496fc46d-4a66-4124-b0ad-c96e3eaf85e2",
              "isHook": false,
              "skipped": false
            },
            {
              "title": "Rodo vartotojo mėgstamiausių skelbimų sąrašą",
              "fullTitle": "Mėgstamiausių skelbimų funkcionalumas Rodo vartotojo mėgstamiausių skelbimų sąrašą",
              "timedOut": null,
              "duration": 951,
              "state": "passed",
              "speed": "fast",
              "pass": true,
              "fail": false,
              "pending": false,
              "context": "{\n  \"title\": \"cypress-mochawesome-reporter-screenshots\",\n  \"value\": [\n    [\n      \"\\\\favorite.cy.js\\\\Rodo vartotojo mėgstamiausių skelbimų sąrašą -- after each hook.png\"\n    ]\n  ]\n}",
              "code": "cy.visit('/megstamiausi');\ncy.wait('@getFavorites');\ncy.get('.product').should('have.length.at.least', 1);",
              "err": {},
              "uuid": "1bf28358-7724-4650-a0c8-ccbc1b774a07",
              "parentUUID": "496fc46d-4a66-4124-b0ad-c96e3eaf85e2",
              "isHook": false,
              "skipped": false
            },
            {
              "title": "Leidžia vartotojui šalinti skelbimus iš mėgstamiausių sąrašo",
              "fullTitle": "Mėgstamiausių skelbimų funkcionalumas Leidžia vartotojui šalinti skelbimus iš mėgstamiausių sąrašo",
              "timedOut": null,
              "duration": 1029,
              "state": "passed",
              "speed": "fast",
              "pass": true,
              "fail": false,
              "pending": false,
              "context": "{\n  \"title\": \"cypress-mochawesome-reporter-screenshots\",\n  \"value\": [\n    [\n      \"\\\\favorite.cy.js\\\\Leidžia vartotojui šalinti skelbimus iš mėgstamiausių sąrašo -- after each hook.png\"\n    ]\n  ]\n}",
              "code": "cy.visit('/megstamiausi');\ncy.wait('@getFavorites');\n// Get the initial count of favorite products\ncy.get('.product').its('length').then(initialCount => {\n  expect(initialCount).to.be.at.least(1);\n  cy.get('.product__favorite.active').first().invoke('attr', 'data-product-id').then(productId => {\n    cy.get('.product__favorite.active').first().click();\n    cy.contains('Skelbimas pašalintas iš mėgstamiausių.');\n  });\n});",
              "err": {},
              "uuid": "da78560b-a487-43e1-b11f-3ca3ba86be21",
              "parentUUID": "496fc46d-4a66-4124-b0ad-c96e3eaf85e2",
              "isHook": false,
              "skipped": false
            },
            {
              "title": "Išsaugo mėgstamiausių skelbimų sąrašą tarp įrenginių ir sesijų",
              "fullTitle": "Mėgstamiausių skelbimų funkcionalumas Išsaugo mėgstamiausių skelbimų sąrašą tarp įrenginių ir sesijų",
              "timedOut": null,
              "duration": 895,
              "state": "passed",
              "speed": "fast",
              "pass": true,
              "fail": false,
              "pending": false,
              "context": "{\n  \"title\": \"cypress-mochawesome-reporter-screenshots\",\n  \"value\": [\n    [\n      \"\\\\favorite.cy.js\\\\Išsaugo mėgstamiausių skelbimų sąrašą tarp įrenginių ir sesijų -- after each hook.png\"\n    ]\n  ]\n}",
              "code": "cy.visit('/megstamiausi');\ncy.wait('@getFavorites');\n// Get the title of the first favorite product\ncy.get('.product__title').first().then($title => {\n  const firstProductTitle = $title.text();\n  // Simulate logging out\n  cy.logout();\n  // Simulate logging in again with the same user details\n  const user = {\n    id: '4',\n    username: 'Test1',\n    email: 'Test1@gmail.com',\n    phoneNumber: 'Test1',\n    password: 'Test1',\n    isAdmin: true\n  };\n  cy.login(user);\n  cy.visit('/megstamiausi');\n  cy.wait('@getFavorites');\n  // Check if the first product is still the same, thus saved across sessions\n  cy.get('.product__title').first().should('have.text', firstProductTitle);\n});",
              "err": {},
              "uuid": "03fd5291-c164-45b4-8e2f-5b8f5573d594",
              "parentUUID": "496fc46d-4a66-4124-b0ad-c96e3eaf85e2",
              "isHook": false,
              "skipped": false
            }
          ],
          "suites": [],
          "passes": [
            "1bf28358-7724-4650-a0c8-ccbc1b774a07",
            "da78560b-a487-43e1-b11f-3ca3ba86be21",
            "03fd5291-c164-45b4-8e2f-5b8f5573d594"
          ],
          "failures": [
            "e867a549-bc63-446f-8811-7b738eead3da"
          ],
          "pending": [],
          "skipped": [],
          "duration": 4686,
          "root": false,
          "rootEmpty": false,
          "_timeout": 2000
        }
      ],
      "passes": [],
      "failures": [],
      "pending": [],
      "skipped": [],
      "duration": 0,
      "root": true,
      "rootEmpty": true,
      "_timeout": 2000
    }
  ],
  "meta": {
    "mocha": {
      "version": "7.0.1"
    },
    "mochawesome": {
      "options": {
        "quiet": false,
        "reportFilename": "mochawesome",
        "saveHtml": false,
        "saveJson": true,
        "consoleReporter": "spec",
        "useInlineDiffs": false,
        "code": true
      },
      "version": "7.1.3"
    },
    "marge": {
      "options": {
        "reportDir": "cypress/reports",
        "overwrite": false,
        "html": false,
        "json": true
      },
      "version": "6.2.0"
    }
  }
}