{
  "stats": {
    "suites": 1,
    "tests": 2,
    "passes": 0,
    "pending": 0,
    "failures": 2,
    "start": "2024-04-22T18:54:48.404Z",
    "end": "2024-04-22T18:54:50.037Z",
    "duration": 1633,
    "testsRegistered": 2,
    "passPercent": 0,
    "pendingPercent": 0,
    "other": 0,
    "hasOther": false,
    "skipped": 0,
    "hasSkipped": false
  },
  "results": [
    {
      "uuid": "f574787a-8238-469e-aba4-78b4351ad5c8",
      "title": "",
      "fullFile": "cypress\\e2e\\home.cy.js",
      "file": "cypress\\e2e\\home.cy.js",
      "beforeHooks": [],
      "afterHooks": [],
      "tests": [],
      "suites": [
        {
          "uuid": "4b95a1a4-0361-4752-bd22-961b4380f6c6",
          "title": "Nekilnojamo turto skelbimų peržiūra",
          "fullFile": "",
          "file": "",
          "beforeHooks": [],
          "afterHooks": [],
          "tests": [
            {
              "title": "Rodo skelbimų sąrašą su duomenimis iš dviejų šaltinių",
              "fullTitle": "Nekilnojamo turto skelbimų peržiūra Rodo skelbimų sąrašą su duomenimis iš dviejų šaltinių",
              "timedOut": null,
              "duration": 653,
              "state": "failed",
              "speed": null,
              "pass": false,
              "fail": true,
              "pending": false,
              "context": "{\n  \"title\": \"cypress-mochawesome-reporter-screenshots\",\n  \"value\": [\n    [\n      \"\\\\home.cy.js\\\\Nekilnojamo turto skelbimų peržiūra -- Rodo skelbimų sąrašą su duomenimis iš dviejų šaltinių (failed).png\",\n      \"\\\\home.cy.js\\\\Rodo skelbimų sąrašą su duomenimis iš dviejų šaltinių -- after each hook.png\"\n    ]\n  ]\n}",
              "code": "// Patikrinama, ar yra skelbimų sąrašas\ncy.get('.products .layout').should('exist');\n// Patikrinama, ar skelbimų sąraše yra įrašai iš dviejų šaltinių\ncy.get('.product').then(products => {\n  const scrapers = new Set();\n  // Iteracija per produktus, naudojant jQuery each() metodą\n  products.each((index, product) => {\n    const scraper = Cypress.$(product).find('.product__scraper').text();\n    scrapers.add(scraper.trim());\n  });\n  // Tikrinama, kad yra bent du skirtingi šaltiniai\n  expect(scrapers.size).to.be.at.least(2);\n});",
              "err": {
                "message": "TypeError: The following error originated from your application code, not from Cypress.\n\n  > Cannot read properties of null (reading 'includes')\n\nWhen Cypress detects uncaught errors originating from your application it will automatically fail the current test.\n\nThis behavior is configurable, and you can choose to turn this off by listening to the `uncaught:exception` event.\n\nhttps://on.cypress.io/uncaught-exception-from-application",
                "estack": "TypeError: The following error originated from your application code, not from Cypress.\n\n  > Cannot read properties of null (reading 'includes')\n\nWhen Cypress detects uncaught errors originating from your application it will automatically fail the current test.\n\nThis behavior is configurable, and you can choose to turn this off by listening to the `uncaught:exception` event.\n\nhttps://on.cypress.io/uncaught-exception-from-application\n    at ProductCard (https://localhost:5173/src/components/ProductCard.jsx:96:93)\n    at renderWithHooks (https://localhost:5173/node_modules/.vite/deps/chunk-GZ55BCQ2.js?v=79c5d413:12171:26)\n    at mountIndeterminateComponent (https://localhost:5173/node_modules/.vite/deps/chunk-GZ55BCQ2.js?v=79c5d413:14921:21)\n    at beginWork (https://localhost:5173/node_modules/.vite/deps/chunk-GZ55BCQ2.js?v=79c5d413:15902:22)\n    at HTMLUnknownElement.callCallback2 (https://localhost:5173/node_modules/.vite/deps/chunk-GZ55BCQ2.js?v=79c5d413:3674:22)\n    at Object.invokeGuardedCallbackDev (https://localhost:5173/node_modules/.vite/deps/chunk-GZ55BCQ2.js?v=79c5d413:3699:24)\n    at invokeGuardedCallback (https://localhost:5173/node_modules/.vite/deps/chunk-GZ55BCQ2.js?v=79c5d413:3733:39)\n    at beginWork$1 (https://localhost:5173/node_modules/.vite/deps/chunk-GZ55BCQ2.js?v=79c5d413:19761:15)\n    at performUnitOfWork (https://localhost:5173/node_modules/.vite/deps/chunk-GZ55BCQ2.js?v=79c5d413:19194:20)\n    at workLoopSync (https://localhost:5173/node_modules/.vite/deps/chunk-GZ55BCQ2.js?v=79c5d413:19133:13)",
                "diff": null
              },
              "uuid": "89e7902e-a18c-4150-a92b-251dcd95f763",
              "parentUUID": "4b95a1a4-0361-4752-bd22-961b4380f6c6",
              "isHook": false,
              "skipped": false
            },
            {
              "title": "Leidžia vartotojui filtruoti skelbimus pagal kriterijus",
              "fullTitle": "Nekilnojamo turto skelbimų peržiūra Leidžia vartotojui filtruoti skelbimus pagal kriterijus",
              "timedOut": null,
              "duration": 488,
              "state": "failed",
              "speed": null,
              "pass": false,
              "fail": true,
              "pending": false,
              "context": "{\n  \"title\": \"cypress-mochawesome-reporter-screenshots\",\n  \"value\": [\n    [\n      \"\\\\home.cy.js\\\\Nekilnojamo turto skelbimų peržiūra -- Leidžia vartotojui filtruoti skelbimus pagal kriterijus (failed).png\",\n      \"\\\\home.cy.js\\\\Leidžia vartotojui filtruoti skelbimus pagal kriterijus -- after each hook.png\"\n    ]\n  ]\n}",
              "code": "// Įvedama reikšmė į \"kambarių skaičiaus nuo\" filtrą\ncy.get('input[name=\"roomsFrom\"]').type('2');\ncy.get('input[name=\"roomsTo\"]').type('2');\n// Spaudžiamas filtravimo mygtukas\ncy.get('button[type=\"submit\"]').click();\n// Laukiama, kol įkels filtruotus rezultatus.\n// Pavyzdžiui, galima laukti kol pasikeis URL arba kol atsiras tam tikras elementas.\n// Patikrinama, ar rezultatuose yra skelbimai su atitinkamu kambarių skaičiumi.\n// Priklausomai nuo to, kaip skelbimai yra rodomi, čia turi būti teisingas selektorius.\ncy.get('.product').each($product => {\n  // Čia priklauso nuo to, kaip yra pateikiama kambarių informacija.\n  // Tarkime, kad .product__rooms yra selektorius, kuris rodo kambarių skaičių.\n  cy.wrap($product).find('.product__rooms p span').should('contain', '2');\n});",
              "err": {
                "message": "TypeError: The following error originated from your application code, not from Cypress.\n\n  > Cannot read properties of null (reading 'includes')\n\nWhen Cypress detects uncaught errors originating from your application it will automatically fail the current test.\n\nThis behavior is configurable, and you can choose to turn this off by listening to the `uncaught:exception` event.\n\nhttps://on.cypress.io/uncaught-exception-from-application",
                "estack": "TypeError: The following error originated from your application code, not from Cypress.\n\n  > Cannot read properties of null (reading 'includes')\n\nWhen Cypress detects uncaught errors originating from your application it will automatically fail the current test.\n\nThis behavior is configurable, and you can choose to turn this off by listening to the `uncaught:exception` event.\n\nhttps://on.cypress.io/uncaught-exception-from-application\n    at ProductCard (https://localhost:5173/src/components/ProductCard.jsx:96:93)\n    at renderWithHooks (https://localhost:5173/node_modules/.vite/deps/chunk-GZ55BCQ2.js?v=79c5d413:12171:26)\n    at mountIndeterminateComponent (https://localhost:5173/node_modules/.vite/deps/chunk-GZ55BCQ2.js?v=79c5d413:14921:21)\n    at beginWork (https://localhost:5173/node_modules/.vite/deps/chunk-GZ55BCQ2.js?v=79c5d413:15902:22)\n    at HTMLUnknownElement.callCallback2 (https://localhost:5173/node_modules/.vite/deps/chunk-GZ55BCQ2.js?v=79c5d413:3674:22)\n    at Object.invokeGuardedCallbackDev (https://localhost:5173/node_modules/.vite/deps/chunk-GZ55BCQ2.js?v=79c5d413:3699:24)\n    at invokeGuardedCallback (https://localhost:5173/node_modules/.vite/deps/chunk-GZ55BCQ2.js?v=79c5d413:3733:39)\n    at beginWork$1 (https://localhost:5173/node_modules/.vite/deps/chunk-GZ55BCQ2.js?v=79c5d413:19761:15)\n    at performUnitOfWork (https://localhost:5173/node_modules/.vite/deps/chunk-GZ55BCQ2.js?v=79c5d413:19194:20)\n    at workLoopSync (https://localhost:5173/node_modules/.vite/deps/chunk-GZ55BCQ2.js?v=79c5d413:19133:13)",
                "diff": null
              },
              "uuid": "5089df09-67f1-4190-adb4-9b9632a74463",
              "parentUUID": "4b95a1a4-0361-4752-bd22-961b4380f6c6",
              "isHook": false,
              "skipped": false
            }
          ],
          "suites": [],
          "passes": [],
          "failures": [
            "89e7902e-a18c-4150-a92b-251dcd95f763",
            "5089df09-67f1-4190-adb4-9b9632a74463"
          ],
          "pending": [],
          "skipped": [],
          "duration": 1141,
          "root": false,
          "rootEmpty": false,
          "_timeout": 2000
        }
      ],
      "passes": [],
      "failures": [],
      "pending": [],
      "skipped": [],
      "duration": 0,
      "root": true,
      "rootEmpty": true,
      "_timeout": 2000
    }
  ],
  "meta": {
    "mocha": {
      "version": "7.0.1"
    },
    "mochawesome": {
      "options": {
        "quiet": false,
        "reportFilename": "mochawesome",
        "saveHtml": false,
        "saveJson": true,
        "consoleReporter": "spec",
        "useInlineDiffs": false,
        "code": true
      },
      "version": "7.1.3"
    },
    "marge": {
      "options": {
        "reportDir": "cypress/reports",
        "overwrite": false,
        "html": false,
        "json": true
      },
      "version": "6.2.0"
    }
  }
}