{
  "stats": {
    "suites": 1,
    "tests": 2,
    "passes": 2,
    "pending": 0,
    "failures": 0,
    "start": "2024-04-22T18:54:54.727Z",
    "end": "2024-04-22T18:54:55.926Z",
    "duration": 1199,
    "testsRegistered": 2,
    "passPercent": 100,
    "pendingPercent": 0,
    "other": 0,
    "hasOther": false,
    "skipped": 0,
    "hasSkipped": false
  },
  "results": [
    {
      "uuid": "d4c28ad5-ff94-48ed-a04e-4a43f69e474f",
      "title": "",
      "fullFile": "cypress\\e2e\\product.cy.js",
      "file": "cypress\\e2e\\product.cy.js",
      "beforeHooks": [],
      "afterHooks": [],
      "tests": [],
      "suites": [
        {
          "uuid": "23621403-fbcd-4fcf-a762-524679d3e8d5",
          "title": "Product page functionality",
          "fullFile": "",
          "file": "",
          "beforeHooks": [],
          "afterHooks": [],
          "tests": [
            {
              "title": "Produkto detalės atvaizduojamos tinkamai",
              "fullTitle": "Product page functionality Produkto detalės atvaizduojamos tinkamai",
              "timedOut": null,
              "duration": 383,
              "state": "passed",
              "speed": "fast",
              "pass": true,
              "fail": false,
              "pending": false,
              "context": "{\n  \"title\": \"cypress-mochawesome-reporter-screenshots\",\n  \"value\": [\n    [\n      \"\\\\product.cy.js\\\\Produkto detalės atvaizduojamos tinkamai -- after each hook.png\"\n    ]\n  ]\n}",
              "code": "cy.wait('@getProductDetails');\n// Check for the presence of product attributes\ncy.get('.product__block').within(() => {\n  cy.get('.product__photo').should('exist');\n  cy.get('h1 a').should('have.attr', 'href');\n  cy.get('.product__content').should('contain', 'Būsto tipas:');\n});",
              "err": {},
              "uuid": "96f07877-fb8b-46d9-848b-79209ab11130",
              "parentUUID": "23621403-fbcd-4fcf-a762-524679d3e8d5",
              "isHook": false,
              "skipped": false
            },
            {
              "title": "Produkto aprašymas atvaizduojamas tinkamai",
              "fullTitle": "Product page functionality Produkto aprašymas atvaizduojamas tinkamai",
              "timedOut": null,
              "duration": 235,
              "state": "passed",
              "speed": "fast",
              "pass": true,
              "fail": false,
              "pending": false,
              "context": "{\n  \"title\": \"cypress-mochawesome-reporter-screenshots\",\n  \"value\": [\n    [\n      \"\\\\product.cy.js\\\\Produkto aprašymas atvaizduojamas tinkamai -- after each hook.png\"\n    ]\n  ]\n}",
              "code": "cy.wait('@getProductDetails');\n// Check for description\ncy.get('.product__description').within(() => {\n  cy.get('h2').should('contain', 'Aprašymas');\n  cy.get('p').should('exist');\n});",
              "err": {},
              "uuid": "7a9d0d32-5aba-4870-b5a6-b36573da720e",
              "parentUUID": "23621403-fbcd-4fcf-a762-524679d3e8d5",
              "isHook": false,
              "skipped": false
            }
          ],
          "suites": [],
          "passes": [
            "96f07877-fb8b-46d9-848b-79209ab11130",
            "7a9d0d32-5aba-4870-b5a6-b36573da720e"
          ],
          "failures": [],
          "pending": [],
          "skipped": [],
          "duration": 618,
          "root": false,
          "rootEmpty": false,
          "_timeout": 2000
        }
      ],
      "passes": [],
      "failures": [],
      "pending": [],
      "skipped": [],
      "duration": 0,
      "root": true,
      "rootEmpty": true,
      "_timeout": 2000
    }
  ],
  "meta": {
    "mocha": {
      "version": "7.0.1"
    },
    "mochawesome": {
      "options": {
        "quiet": false,
        "reportFilename": "mochawesome",
        "saveHtml": false,
        "saveJson": true,
        "consoleReporter": "spec",
        "useInlineDiffs": false,
        "code": true
      },
      "version": "7.1.3"
    },
    "marge": {
      "options": {
        "reportDir": "cypress/reports",
        "overwrite": false,
        "html": false,
        "json": true
      },
      "version": "6.2.0"
    }
  }
}