{
  "stats": {
    "suites": 1,
    "tests": 10,
    "passes": 10,
    "pending": 0,
    "failures": 0,
    "start": "2024-04-22T18:55:01.774Z",
    "end": "2024-04-22T18:55:06.669Z",
    "duration": 4895,
    "testsRegistered": 10,
    "passPercent": 100,
    "pendingPercent": 0,
    "other": 0,
    "hasOther": false,
    "skipped": 0,
    "hasSkipped": false
  },
  "results": [
    {
      "uuid": "732add97-1883-4f22-8c5c-c4701ecbc7b5",
      "title": "",
      "fullFile": "cypress\\e2e\\scraper.cy.js",
      "file": "cypress\\e2e\\scraper.cy.js",
      "beforeHooks": [],
      "afterHooks": [],
      "tests": [],
      "suites": [
        {
          "uuid": "ed995af9-89d8-4535-8444-0f4d9f39d9b3",
          "title": "Scraper page functionality",
          "fullFile": "",
          "file": "",
          "beforeHooks": [],
          "afterHooks": [],
          "tests": [
            {
              "title": "Atvaizduoja visų scraperių formas",
              "fullTitle": "Scraper page functionality Atvaizduoja visų scraperių formas",
              "timedOut": null,
              "duration": 302,
              "state": "passed",
              "speed": "fast",
              "pass": true,
              "fail": false,
              "pending": false,
              "context": "{\n  \"title\": \"cypress-mochawesome-reporter-screenshots\",\n  \"value\": [\n    [\n      \"\\\\scraper.cy.js\\\\Atvaizduoja visų scraperių formas -- after each hook.png\"\n    ]\n  ]\n}",
              "code": "cy.get('.scraper-form').should('have.length', 3);",
              "err": {},
              "uuid": "96df51f5-f3bc-4e50-a2c9-c4295378ca01",
              "parentUUID": "ed995af9-89d8-4535-8444-0f4d9f39d9b3",
              "isHook": false,
              "skipped": false
            },
            {
              "title": "Palaiko visų skelbimų scrapinimą - Domoplius",
              "fullTitle": "Scraper page functionality Palaiko visų skelbimų scrapinimą - Domoplius",
              "timedOut": null,
              "duration": 249,
              "state": "passed",
              "speed": "fast",
              "pass": true,
              "fail": false,
              "pending": false,
              "context": "{\n  \"title\": \"cypress-mochawesome-reporter-screenshots\",\n  \"value\": [\n    [\n      \"\\\\scraper.cy.js\\\\Palaiko visų skelbimų scrapinimą - Domoplius -- after each hook.png\"\n    ]\n  ]\n}",
              "code": "// Stub the POST request\ncy.intercept('POST', scraper.allUrl, {\n  statusCode: 200,\n  body: {\n    scrapeStatus: 'Success',\n    message: 'Scrape completed'\n  }\n}).as('scrapeAllHousing');\n// Click the button to scrape all housing\ncy.contains('h2', scraper.title).parent('.scraper-form').contains('button', 'Find all housing').click();\n// Wait for the request to complete\ncy.wait('@scrapeAllHousing');\n// Check for a success notification\ncy.contains('Operacija pavyko').should('be.visible');",
              "err": {},
              "uuid": "46533982-d1aa-4c23-99b9-cb7f883da9f5",
              "parentUUID": "ed995af9-89d8-4535-8444-0f4d9f39d9b3",
              "isHook": false,
              "skipped": false
            },
            {
              "title": "Palaiko naujausių skelbimų scrapinimą - Domoplius",
              "fullTitle": "Scraper page functionality Palaiko naujausių skelbimų scrapinimą - Domoplius",
              "timedOut": null,
              "duration": 221,
              "state": "passed",
              "speed": "fast",
              "pass": true,
              "fail": false,
              "pending": false,
              "context": "{\n  \"title\": \"cypress-mochawesome-reporter-screenshots\",\n  \"value\": [\n    [\n      \"\\\\scraper.cy.js\\\\Palaiko naujausių skelbimų scrapinimą - Domoplius -- after each hook.png\"\n    ]\n  ]\n}",
              "code": "// Stub the POST request\ncy.intercept('POST', scraper.recentUrl, {\n  statusCode: 200,\n  body: {\n    scrapeStatus: 'Success',\n    message: 'Scrape completed'\n  }\n}).as('scrapeRecentHousing');\n// Click the button to scrape all housing\ncy.contains('h2', scraper.title).parent('.scraper-form').contains('button', 'Find recent housing').click();\n// Wait for the request to complete\ncy.wait('@scrapeRecentHousing');\n// Check for a success notification\ncy.contains('Operacija pavyko').should('be.visible');",
              "err": {},
              "uuid": "9543705b-9743-4706-b85b-8870eb40c28c",
              "parentUUID": "ed995af9-89d8-4535-8444-0f4d9f39d9b3",
              "isHook": false,
              "skipped": false
            },
            {
              "title": "Palaiko skelbimų enrichinimą scrapinimą - Domoplius",
              "fullTitle": "Scraper page functionality Palaiko skelbimų enrichinimą scrapinimą - Domoplius",
              "timedOut": null,
              "duration": 210,
              "state": "passed",
              "speed": "fast",
              "pass": true,
              "fail": false,
              "pending": false,
              "context": "{\n  \"title\": \"cypress-mochawesome-reporter-screenshots\",\n  \"value\": [\n    [\n      \"\\\\scraper.cy.js\\\\Palaiko skelbimų enrichinimą scrapinimą - Domoplius -- after each hook.png\"\n    ]\n  ]\n}",
              "code": "// Stub the POST request\ncy.intercept('POST', scraper.enrichUrl, {\n  statusCode: 200,\n  body: {\n    scrapeStatus: 'Success',\n    message: 'Scrape completed'\n  }\n}).as('scrapeEnrichHousing');\n// Click the button to scrape all housing\ncy.contains('h2', scraper.title).parent('.scraper-form').contains('button', 'Enrich housing').click();\n// Wait for the request to complete\ncy.wait('@scrapeEnrichHousing');\n// Check for a success notification\ncy.contains('Operacija pavyko').should('be.visible');",
              "err": {},
              "uuid": "6e246c74-1810-46e5-9a89-6598270d4137",
              "parentUUID": "ed995af9-89d8-4535-8444-0f4d9f39d9b3",
              "isHook": false,
              "skipped": false
            },
            {
              "title": "Palaiko visų skelbimų scrapinimą - Aruodas",
              "fullTitle": "Scraper page functionality Palaiko visų skelbimų scrapinimą - Aruodas",
              "timedOut": null,
              "duration": 223,
              "state": "passed",
              "speed": "fast",
              "pass": true,
              "fail": false,
              "pending": false,
              "context": "{\n  \"title\": \"cypress-mochawesome-reporter-screenshots\",\n  \"value\": [\n    [\n      \"\\\\scraper.cy.js\\\\Palaiko visų skelbimų scrapinimą - Aruodas -- after each hook.png\"\n    ]\n  ]\n}",
              "code": "// Stub the POST request\ncy.intercept('POST', scraper.allUrl, {\n  statusCode: 200,\n  body: {\n    scrapeStatus: 'Success',\n    message: 'Scrape completed'\n  }\n}).as('scrapeAllHousing');\n// Click the button to scrape all housing\ncy.contains('h2', scraper.title).parent('.scraper-form').contains('button', 'Find all housing').click();\n// Wait for the request to complete\ncy.wait('@scrapeAllHousing');\n// Check for a success notification\ncy.contains('Operacija pavyko').should('be.visible');",
              "err": {},
              "uuid": "eb9e766e-3f38-4b5d-92e5-793e449a07b3",
              "parentUUID": "ed995af9-89d8-4535-8444-0f4d9f39d9b3",
              "isHook": false,
              "skipped": false
            },
            {
              "title": "Palaiko naujausių skelbimų scrapinimą - Aruodas",
              "fullTitle": "Scraper page functionality Palaiko naujausių skelbimų scrapinimą - Aruodas",
              "timedOut": null,
              "duration": 222,
              "state": "passed",
              "speed": "fast",
              "pass": true,
              "fail": false,
              "pending": false,
              "context": "{\n  \"title\": \"cypress-mochawesome-reporter-screenshots\",\n  \"value\": [\n    [\n      \"\\\\scraper.cy.js\\\\Palaiko naujausių skelbimų scrapinimą - Aruodas -- after each hook.png\"\n    ]\n  ]\n}",
              "code": "// Stub the POST request\ncy.intercept('POST', scraper.recentUrl, {\n  statusCode: 200,\n  body: {\n    scrapeStatus: 'Success',\n    message: 'Scrape completed'\n  }\n}).as('scrapeRecentHousing');\n// Click the button to scrape all housing\ncy.contains('h2', scraper.title).parent('.scraper-form').contains('button', 'Find recent housing').click();\n// Wait for the request to complete\ncy.wait('@scrapeRecentHousing');\n// Check for a success notification\ncy.contains('Operacija pavyko').should('be.visible');",
              "err": {},
              "uuid": "34d13789-c358-4096-b6ce-b055e7596479",
              "parentUUID": "ed995af9-89d8-4535-8444-0f4d9f39d9b3",
              "isHook": false,
              "skipped": false
            },
            {
              "title": "Palaiko skelbimų enrichinimą scrapinimą - Aruodas",
              "fullTitle": "Scraper page functionality Palaiko skelbimų enrichinimą scrapinimą - Aruodas",
              "timedOut": null,
              "duration": 222,
              "state": "passed",
              "speed": "fast",
              "pass": true,
              "fail": false,
              "pending": false,
              "context": "{\n  \"title\": \"cypress-mochawesome-reporter-screenshots\",\n  \"value\": [\n    [\n      \"\\\\scraper.cy.js\\\\Palaiko skelbimų enrichinimą scrapinimą - Aruodas -- after each hook.png\"\n    ]\n  ]\n}",
              "code": "// Stub the POST request\ncy.intercept('POST', scraper.enrichUrl, {\n  statusCode: 200,\n  body: {\n    scrapeStatus: 'Success',\n    message: 'Scrape completed'\n  }\n}).as('scrapeEnrichHousing');\n// Click the button to scrape all housing\ncy.contains('h2', scraper.title).parent('.scraper-form').contains('button', 'Enrich housing').click();\n// Wait for the request to complete\ncy.wait('@scrapeEnrichHousing');\n// Check for a success notification\ncy.contains('Operacija pavyko').should('be.visible');",
              "err": {},
              "uuid": "25baa263-e79a-446f-959d-c2573ccd75bb",
              "parentUUID": "ed995af9-89d8-4535-8444-0f4d9f39d9b3",
              "isHook": false,
              "skipped": false
            },
            {
              "title": "Palaiko visų skelbimų scrapinimą - Skelbiu",
              "fullTitle": "Scraper page functionality Palaiko visų skelbimų scrapinimą - Skelbiu",
              "timedOut": null,
              "duration": 248,
              "state": "passed",
              "speed": "fast",
              "pass": true,
              "fail": false,
              "pending": false,
              "context": "{\n  \"title\": \"cypress-mochawesome-reporter-screenshots\",\n  \"value\": [\n    [\n      \"\\\\scraper.cy.js\\\\Palaiko visų skelbimų scrapinimą - Skelbiu -- after each hook.png\"\n    ]\n  ]\n}",
              "code": "// Stub the POST request\ncy.intercept('POST', scraper.allUrl, {\n  statusCode: 200,\n  body: {\n    scrapeStatus: 'Success',\n    message: 'Scrape completed'\n  }\n}).as('scrapeAllHousing');\n// Click the button to scrape all housing\ncy.contains('h2', scraper.title).parent('.scraper-form').contains('button', 'Find all housing').click();\n// Wait for the request to complete\ncy.wait('@scrapeAllHousing');\n// Check for a success notification\ncy.contains('Operacija pavyko').should('be.visible');",
              "err": {},
              "uuid": "e0007b06-f413-4bfd-95ec-19e48fa204e8",
              "parentUUID": "ed995af9-89d8-4535-8444-0f4d9f39d9b3",
              "isHook": false,
              "skipped": false
            },
            {
              "title": "Palaiko naujausių skelbimų scrapinimą - Skelbiu",
              "fullTitle": "Scraper page functionality Palaiko naujausių skelbimų scrapinimą - Skelbiu",
              "timedOut": null,
              "duration": 251,
              "state": "passed",
              "speed": "fast",
              "pass": true,
              "fail": false,
              "pending": false,
              "context": "{\n  \"title\": \"cypress-mochawesome-reporter-screenshots\",\n  \"value\": [\n    [\n      \"\\\\scraper.cy.js\\\\Palaiko naujausių skelbimų scrapinimą - Skelbiu -- after each hook.png\"\n    ]\n  ]\n}",
              "code": "// Stub the POST request\ncy.intercept('POST', scraper.recentUrl, {\n  statusCode: 200,\n  body: {\n    scrapeStatus: 'Success',\n    message: 'Scrape completed'\n  }\n}).as('scrapeRecentHousing');\n// Click the button to scrape all housing\ncy.contains('h2', scraper.title).parent('.scraper-form').contains('button', 'Find recent housing').click();\n// Wait for the request to complete\ncy.wait('@scrapeRecentHousing');\n// Check for a success notification\ncy.contains('Operacija pavyko').should('be.visible');",
              "err": {},
              "uuid": "b0ca5a81-df68-47da-813a-1b3e382a1ac2",
              "parentUUID": "ed995af9-89d8-4535-8444-0f4d9f39d9b3",
              "isHook": false,
              "skipped": false
            },
            {
              "title": "Palaiko skelbimų enrichinimą scrapinimą - Skelbiu",
              "fullTitle": "Scraper page functionality Palaiko skelbimų enrichinimą scrapinimą - Skelbiu",
              "timedOut": null,
              "duration": 254,
              "state": "passed",
              "speed": "fast",
              "pass": true,
              "fail": false,
              "pending": false,
              "context": "{\n  \"title\": \"cypress-mochawesome-reporter-screenshots\",\n  \"value\": [\n    [\n      \"\\\\scraper.cy.js\\\\Palaiko skelbimų enrichinimą scrapinimą - Skelbiu -- after each hook.png\"\n    ]\n  ]\n}",
              "code": "// Stub the POST request\ncy.intercept('POST', scraper.enrichUrl, {\n  statusCode: 200,\n  body: {\n    scrapeStatus: 'Success',\n    message: 'Scrape completed'\n  }\n}).as('scrapeEnrichHousing');\n// Click the button to scrape all housing\ncy.contains('h2', scraper.title).parent('.scraper-form').contains('button', 'Enrich housing').click();\n// Wait for the request to complete\ncy.wait('@scrapeEnrichHousing');\n// Check for a success notification\ncy.contains('Operacija pavyko').should('be.visible');",
              "err": {},
              "uuid": "d0256e02-8b78-48ef-88bc-c3e9c704a9ba",
              "parentUUID": "ed995af9-89d8-4535-8444-0f4d9f39d9b3",
              "isHook": false,
              "skipped": false
            }
          ],
          "suites": [],
          "passes": [
            "96df51f5-f3bc-4e50-a2c9-c4295378ca01",
            "46533982-d1aa-4c23-99b9-cb7f883da9f5",
            "9543705b-9743-4706-b85b-8870eb40c28c",
            "6e246c74-1810-46e5-9a89-6598270d4137",
            "eb9e766e-3f38-4b5d-92e5-793e449a07b3",
            "34d13789-c358-4096-b6ce-b055e7596479",
            "25baa263-e79a-446f-959d-c2573ccd75bb",
            "e0007b06-f413-4bfd-95ec-19e48fa204e8",
            "b0ca5a81-df68-47da-813a-1b3e382a1ac2",
            "d0256e02-8b78-48ef-88bc-c3e9c704a9ba"
          ],
          "failures": [],
          "pending": [],
          "skipped": [],
          "duration": 2402,
          "root": false,
          "rootEmpty": false,
          "_timeout": 2000
        }
      ],
      "passes": [],
      "failures": [],
      "pending": [],
      "skipped": [],
      "duration": 0,
      "root": true,
      "rootEmpty": true,
      "_timeout": 2000
    }
  ],
  "meta": {
    "mocha": {
      "version": "7.0.1"
    },
    "mochawesome": {
      "options": {
        "quiet": false,
        "reportFilename": "mochawesome",
        "saveHtml": false,
        "saveJson": true,
        "consoleReporter": "spec",
        "useInlineDiffs": false,
        "code": true
      },
      "version": "7.1.3"
    },
    "marge": {
      "options": {
        "reportDir": "cypress/reports",
        "overwrite": false,
        "html": false,
        "json": true
      },
      "version": "6.2.0"
    }
  }
}