{
  "stats": {
    "suites": 1,
    "tests": 2,
    "passes": 2,
    "pending": 0,
    "failures": 0,
    "start": "2024-04-22T18:54:51.274Z",
    "end": "2024-04-22T18:54:53.444Z",
    "duration": 2170,
    "testsRegistered": 2,
    "passPercent": 100,
    "pendingPercent": 0,
    "other": 0,
    "hasOther": false,
    "skipped": 0,
    "hasSkipped": false
  },
  "results": [
    {
      "uuid": "1060947d-a8ba-400a-b8f6-0dcb01892a61",
      "title": "",
      "fullFile": "cypress\\e2e\\login.cy.js",
      "file": "cypress\\e2e\\login.cy.js",
      "beforeHooks": [],
      "afterHooks": [],
      "tests": [],
      "suites": [
        {
          "uuid": "acd90fd2-a552-4e64-abba-689f8942d38d",
          "title": "Prisijungimo funkcionalumas",
          "fullFile": "",
          "file": "",
          "beforeHooks": [],
          "afterHooks": [],
          "tests": [
            {
              "title": "Sėkmingai prisijungia su teisingais duomenimis",
              "fullTitle": "Prisijungimo funkcionalumas Sėkmingai prisijungia su teisingais duomenimis",
              "timedOut": null,
              "duration": 903,
              "state": "passed",
              "speed": "fast",
              "pass": true,
              "fail": false,
              "pending": false,
              "context": "{\n  \"title\": \"cypress-mochawesome-reporter-screenshots\",\n  \"value\": [\n    [\n      \"\\\\login.cy.js\\\\Sėkmingai prisijungia su teisingais duomenimis -- after each hook.png\"\n    ]\n  ]\n}",
              "code": "cy.intercept('POST', 'housespotter/db/user/login', {\n  fixture: 'login.json'\n}).as('loginRequest');\ncy.get('input[name=\"text\"]').type('user');\ncy.get('input[name=\"password\"]').type('password');\ncy.get('button[type=\"submit\"]').click();\ncy.wait('@loginRequest');\ncy.url().should('include', '/megstamiausi');\ncy.contains('Sveiki prisijungę, user!');",
              "err": {},
              "uuid": "80a30c78-8ac5-4ef3-9453-61b9129a229c",
              "parentUUID": "acd90fd2-a552-4e64-abba-689f8942d38d",
              "isHook": false,
              "skipped": false
            },
            {
              "title": "Prisijungimas nepavyksta su neteisingu slaptažodžiu",
              "fullTitle": "Prisijungimo funkcionalumas Prisijungimas nepavyksta su neteisingu slaptažodžiu",
              "timedOut": null,
              "duration": 713,
              "state": "passed",
              "speed": "fast",
              "pass": true,
              "fail": false,
              "pending": false,
              "context": "{\n  \"title\": \"cypress-mochawesome-reporter-screenshots\",\n  \"value\": [\n    [\n      \"\\\\login.cy.js\\\\Prisijungimas nepavyksta su neteisingu slaptažodžiu -- after each hook.png\"\n    ]\n  ]\n}",
              "code": "cy.intercept('POST', 'housespotter/db/user/login', {\n  statusCode: 204\n}).as('loginFailure');\ncy.get('input[name=\"text\"]').type('user');\ncy.get('input[name=\"password\"]').type('wrongpassword');\ncy.get('button[type=\"submit\"]').click();\ncy.wait('@loginFailure');\ncy.contains('Prisijungti nepavyko.');",
              "err": {},
              "uuid": "ead97a3d-39a1-4edb-9564-d63d88ec238e",
              "parentUUID": "acd90fd2-a552-4e64-abba-689f8942d38d",
              "isHook": false,
              "skipped": false
            }
          ],
          "suites": [],
          "passes": [
            "80a30c78-8ac5-4ef3-9453-61b9129a229c",
            "ead97a3d-39a1-4edb-9564-d63d88ec238e"
          ],
          "failures": [],
          "pending": [],
          "skipped": [],
          "duration": 1616,
          "root": false,
          "rootEmpty": false,
          "_timeout": 2000
        }
      ],
      "passes": [],
      "failures": [],
      "pending": [],
      "skipped": [],
      "duration": 0,
      "root": true,
      "rootEmpty": true,
      "_timeout": 2000
    }
  ],
  "meta": {
    "mocha": {
      "version": "7.0.1"
    },
    "mochawesome": {
      "options": {
        "quiet": false,
        "reportFilename": "mochawesome",
        "saveHtml": false,
        "saveJson": true,
        "consoleReporter": "spec",
        "useInlineDiffs": false,
        "code": true
      },
      "version": "7.1.3"
    },
    "marge": {
      "options": {
        "reportDir": "cypress/reports",
        "overwrite": false,
        "html": false,
        "json": true
      },
      "version": "6.2.0"
    }
  }
}