{
  "stats": {
    "suites": 1,
    "tests": 2,
    "passes": 2,
    "pending": 0,
    "failures": 0,
    "start": "2024-04-22T18:54:57.184Z",
    "end": "2024-04-22T18:55:00.467Z",
    "duration": 3283,
    "testsRegistered": 2,
    "passPercent": 100,
    "pendingPercent": 0,
    "other": 0,
    "hasOther": false,
    "skipped": 0,
    "hasSkipped": false
  },
  "results": [
    {
      "uuid": "7a94d5bf-7d73-4fc9-a3e2-542ec60e9f2d",
      "title": "",
      "fullFile": "cypress\\e2e\\register.cy.js",
      "file": "cypress\\e2e\\register.cy.js",
      "beforeHooks": [],
      "afterHooks": [],
      "tests": [],
      "suites": [
        {
          "uuid": "8d822f26-4e2f-4f7d-bd89-ecce4130b6c0",
          "title": "Registration Functionality",
          "fullFile": "",
          "file": "",
          "beforeHooks": [],
          "afterHooks": [],
          "tests": [
            {
              "title": "Successfully registers with valid data",
              "fullTitle": "Registration Functionality Successfully registers with valid data",
              "timedOut": null,
              "duration": 1527,
              "state": "passed",
              "speed": "fast",
              "pass": true,
              "fail": false,
              "pending": false,
              "context": "{\n  \"title\": \"cypress-mochawesome-reporter-screenshots\",\n  \"value\": [\n    [\n      \"\\\\register.cy.js\\\\Successfully registers with valid data -- after each hook.png\"\n    ]\n  ]\n}",
              "code": "cy.intercept('POST', 'housespotter/db/user/register', {\n  fixture: 'register.json'\n}).as('registerRequest');\ncy.get('input[name=\"username\"]').type('newuser');\ncy.get('input[name=\"email\"]').type('newuser@email.com');\ncy.get('input[name=\"phone\"]').type('1234567890');\ncy.get('input[name=\"password\"]').type('newpassword');\ncy.get('button[type=\"submit\"]').click();\ncy.wait('@registerRequest');\ncy.url().should('include', '/prisijungti');\ncy.contains('Sveikiname sėkmingai prisiregistravus. Dabar galite prisijungti.');",
              "err": {},
              "uuid": "e714bf09-e52f-44a0-bce5-cdc4a6cd5e36",
              "parentUUID": "8d822f26-4e2f-4f7d-bd89-ecce4130b6c0",
              "isHook": false,
              "skipped": false
            },
            {
              "title": "Registration fails with an existing username",
              "fullTitle": "Registration Functionality Registration fails with an existing username",
              "timedOut": null,
              "duration": 1203,
              "state": "passed",
              "speed": "fast",
              "pass": true,
              "fail": false,
              "pending": false,
              "context": "{\n  \"title\": \"cypress-mochawesome-reporter-screenshots\",\n  \"value\": [\n    [\n      \"\\\\register.cy.js\\\\Registration fails with an existing username -- after each hook.png\"\n    ]\n  ]\n}",
              "code": "cy.intercept('POST', 'housespotter/db/user/register', {\n  statusCode: 400\n}).as('registerFailure');\ncy.get('input[name=\"username\"]').type('Test1');\ncy.get('input[name=\"email\"]').type('Test1@gmail.com');\ncy.get('input[name=\"phone\"]').type('1234567890');\ncy.get('input[name=\"password\"]').type('Test1');\ncy.get('button[type=\"submit\"]').click();\ncy.wait('@registerFailure');\ncy.contains('Registracija nepavyko.');",
              "err": {},
              "uuid": "0df91975-997a-4d07-bd77-76156837352d",
              "parentUUID": "8d822f26-4e2f-4f7d-bd89-ecce4130b6c0",
              "isHook": false,
              "skipped": false
            }
          ],
          "suites": [],
          "passes": [
            "e714bf09-e52f-44a0-bce5-cdc4a6cd5e36",
            "0df91975-997a-4d07-bd77-76156837352d"
          ],
          "failures": [],
          "pending": [],
          "skipped": [],
          "duration": 2730,
          "root": false,
          "rootEmpty": false,
          "_timeout": 2000
        }
      ],
      "passes": [],
      "failures": [],
      "pending": [],
      "skipped": [],
      "duration": 0,
      "root": true,
      "rootEmpty": true,
      "_timeout": 2000
    }
  ],
  "meta": {
    "mocha": {
      "version": "7.0.1"
    },
    "mochawesome": {
      "options": {
        "quiet": false,
        "reportFilename": "mochawesome",
        "saveHtml": false,
        "saveJson": true,
        "consoleReporter": "spec",
        "useInlineDiffs": false,
        "code": true
      },
      "version": "7.1.3"
    },
    "marge": {
      "options": {
        "reportDir": "cypress/reports",
        "overwrite": false,
        "html": false,
        "json": true
      },
      "version": "6.2.0"
    }
  }
}