TN:
SF:src/components/header.jsx
FN:6,(anonymous_0)
FN:11,(anonymous_1)
FNF:2
FNH:2
FNDA:21,(anonymous_0)
FNDA:1,(anonymous_1)
DA:6,2
DA:7,21
DA:8,21
DA:9,21
DA:11,21
DA:12,1
DA:13,1
DA:14,1
DA:17,21
LF:9
LH:9
BRDA:27,0,0,21
BRDA:27,0,1,2
BRDA:28,1,0,21
BRDA:28,1,1,2
BRDA:29,2,0,21
BRDA:29,2,1,2
BRDA:34,3,0,21
BRDA:34,3,1,19
BRF:8
BRH:8
end_of_record
TN:
SF:src/components/notification.jsx
FN:4,(anonymous_0)
FNF:1
FNH:1
FNDA:4,(anonymous_0)
DA:4,1
DA:5,4
DA:7,4
DA:9,3
LF:4
LH:4
BRDA:7,0,0,1
BRDA:7,0,1,3
BRDA:11,1,0,1
BRDA:11,1,1,2
BRF:4
BRH:4
end_of_record
TN:
SF:src/components/form/TextInput.jsx
FN:2,TextInput
FNF:1
FNH:1
FNDA:38,TextInput
DA:3,38
DA:4,1
DA:31,37
LF:3
LH:3
BRDA:2,0,0,2
BRDA:3,1,0,1
BRDA:3,1,1,37
BRDA:3,2,0,38
BRDA:3,2,1,1
BRF:5
BRH:5
end_of_record
TN:
SF:src/pages/Login.jsx
FN:8,Login
FN:16,(anonymous_1)
FN:22,loginUser
FN:56,(anonymous_3)
FNF:4
FNH:4
FNDA:18,Login
FNDA:10,(anonymous_1)
FNDA:4,loginUser
FNDA:4,(anonymous_3)
DA:9,18
DA:10,18
DA:12,18
DA:13,18
DA:14,18
DA:16,18
DA:17,10
DA:18,10
DA:19,5
DA:23,4
DA:28,4
DA:29,4
DA:38,3
DA:39,3
DA:40,3
DA:41,3
DA:42,3
DA:45,1
DA:46,1
DA:50,18
DA:57,4
DA:58,4
LF:22
LH:22
BRDA:18,0,0,5
BRDA:18,0,1,5
BRDA:19,1,0,5
BRDA:19,1,1,0
BRDA:38,2,0,3
BRDA:38,2,1,0
BRF:6
BRH:4
end_of_record
