TN:
SF:src/components/header.jsx
FN:6,(anonymous_0)
FN:11,(anonymous_1)
FNF:2
FNH:2
FNDA:22,(anonymous_0)
FNDA:1,(anonymous_1)
DA:6,3
DA:7,22
DA:8,22
DA:9,22
DA:11,22
DA:12,1
DA:13,1
DA:14,1
DA:17,22
LF:9
LH:9
BRDA:27,0,0,22
BRDA:27,0,1,2
BRDA:28,1,0,22
BRDA:28,1,1,7
BRDA:29,2,0,22
BRDA:29,2,1,7
BRDA:34,3,0,22
BRDA:34,3,1,15
BRF:8
BRH:8
end_of_record
TN:
SF:src/components/notification.jsx
FN:4,(anonymous_0)
FNF:1
FNH:1
FNDA:4,(anonymous_0)
DA:4,1
DA:5,4
DA:7,4
DA:9,3
LF:4
LH:4
BRDA:7,0,0,1
BRDA:7,0,1,3
BRDA:11,1,0,1
BRDA:11,1,1,2
BRF:4
BRH:4
end_of_record
TN:
SF:src/components/form/TextInput.jsx
FN:2,TextInput
FNF:1
FNH:1
FNDA:50,TextInput
DA:3,50
DA:4,1
DA:31,49
LF:3
LH:3
BRDA:2,0,0,2
BRDA:3,1,0,1
BRDA:3,1,1,49
BRDA:3,2,0,50
BRDA:3,2,1,1
BRF:5
BRH:5
end_of_record
TN:
SF:src/pages/Login.jsx
FN:8,Login
FN:16,(anonymous_1)
FN:22,loginUser
FN:56,(anonymous_3)
FNF:4
FNH:4
FNDA:14,Login
FNDA:8,(anonymous_1)
FNDA:3,loginUser
FNDA:3,(anonymous_3)
DA:9,14
DA:10,14
DA:12,14
DA:13,14
DA:14,14
DA:16,14
DA:17,8
DA:18,8
DA:19,4
DA:23,3
DA:28,3
DA:29,3
DA:38,2
DA:39,2
DA:40,2
DA:41,2
DA:42,2
DA:45,1
DA:46,1
DA:50,14
DA:57,3
DA:58,3
LF:22
LH:22
BRDA:18,0,0,4
BRDA:18,0,1,4
BRDA:19,1,0,4
BRDA:19,1,1,0
BRDA:38,2,0,2
BRDA:38,2,1,0
BRF:6
BRH:4
end_of_record
TN:
SF:src/pages/Register.jsx
FN:7,Register
FN:15,(anonymous_1)
FN:35,registerUser
FN:73,(anonymous_3)
FNF:4
FNH:4
FNDA:5,Register
FNDA:4,(anonymous_1)
FNDA:1,registerUser
FNDA:1,(anonymous_3)
DA:8,5
DA:9,5
DA:10,5
DA:11,5
DA:12,5
DA:13,5
DA:15,5
DA:16,4
DA:17,4
DA:19,1
DA:20,1
DA:22,1
DA:23,1
DA:25,1
DA:26,1
DA:28,1
DA:29,1
DA:31,0
DA:36,1
DA:44,1
DA:45,1
DA:54,1
DA:55,1
DA:59,1
DA:62,0
DA:63,0
DA:67,5
DA:74,1
DA:75,1
LF:29
LH:26
BRDA:17,0,0,1
BRDA:17,0,1,1
BRDA:17,0,2,1
BRDA:17,0,3,1
BRDA:17,0,4,0
BRDA:54,1,0,1
BRDA:54,1,1,0
BRF:7
BRH:5
end_of_record
